Determining if the pthread_create exist failed with the following output:
Change Dir: /home/zh/VINS-Fusion/CMakeFiles/CMakeTmp

Run Build Command:"/usr/bin/make" "cmTC_82dbf/fast"
/usr/bin/make -f CMakeFiles/cmTC_82dbf.dir/build.make CMakeFiles/cmTC_82dbf.dir/build
make[1]: Entering directory '/home/zh/VINS-Fusion/CMakeFiles/CMakeTmp'
Building C object CMakeFiles/cmTC_82dbf.dir/CheckSymbolExists.c.o
/usr/bin/cc     -o CMakeFiles/cmTC_82dbf.dir/CheckSymbolExists.c.o   -c /home/zh/VINS-Fusion/CMakeFiles/CMakeTmp/CheckSymbolExists.c
Linking C executable cmTC_82dbf
/usr/bin/cmake -E cmake_link_script CMakeFiles/cmTC_82dbf.dir/link.txt --verbose=1
/usr/bin/cc       CMakeFiles/cmTC_82dbf.dir/CheckSymbolExists.c.o  -o cmTC_82dbf -rdynamic 
CMakeFiles/cmTC_82dbf.dir/CheckSymbolExists.c.o: In function `main':
CheckSymbolExists.c:(.text+0x16): undefined reference to `pthread_create'
collect2: error: ld returned 1 exit status
CMakeFiles/cmTC_82dbf.dir/build.make:97: recipe for target 'cmTC_82dbf' failed
make[1]: *** [cmTC_82dbf] Error 1
make[1]: Leaving directory '/home/zh/VINS-Fusion/CMakeFiles/CMakeTmp'
Makefile:126: recipe for target 'cmTC_82dbf/fast' failed
make: *** [cmTC_82dbf/fast] Error 2

File /home/zh/VINS-Fusion/CMakeFiles/CMakeTmp/CheckSymbolExists.c:
/* */
#include <pthread.h>

int main(int argc, char** argv)
{
  (void)argv;
#ifndef pthread_create
  return ((int*)(&pthread_create))[argc];
#else
  (void)argc;
  return 0;
#endif
}

Determining if the function pthread_create exists in the pthreads failed with the following output:
Change Dir: /home/zh/VINS-Fusion/CMakeFiles/CMakeTmp

Run Build Command:"/usr/bin/make" "cmTC_6baeb/fast"
/usr/bin/make -f CMakeFiles/cmTC_6baeb.dir/build.make CMakeFiles/cmTC_6baeb.dir/build
make[1]: Entering directory '/home/zh/VINS-Fusion/CMakeFiles/CMakeTmp'
Building C object CMakeFiles/cmTC_6baeb.dir/CheckFunctionExists.c.o
/usr/bin/cc    -DCHECK_FUNCTION_EXISTS=pthread_create   -o CMakeFiles/cmTC_6baeb.dir/CheckFunctionExists.c.o   -c /usr/share/cmake-3.5/Modules/CheckFunctionExists.c
Linking C executable cmTC_6baeb
/usr/bin/cmake -E cmake_link_script CMakeFiles/cmTC_6baeb.dir/link.txt --verbose=1
/usr/bin/cc   -DCHECK_FUNCTION_EXISTS=pthread_create    CMakeFiles/cmTC_6baeb.dir/CheckFunctionExists.c.o  -o cmTC_6baeb -rdynamic -lpthreads 
/usr/bin/ld: cannot find -lpthreads
collect2: error: ld returned 1 exit status
CMakeFiles/cmTC_6baeb.dir/build.make:97: recipe for target 'cmTC_6baeb' failed
make[1]: *** [cmTC_6baeb] Error 1
make[1]: Leaving directory '/home/zh/VINS-Fusion/CMakeFiles/CMakeTmp'
Makefile:126: recipe for target 'cmTC_6baeb/fast' failed
make: *** [cmTC_6baeb/fast] Error 2


